<?xml version="1.0" encoding="UTF-8"?>
<testng-results ignored="0" total="1" passed="1" failed="0" skipped="0">
  <reporter-output>
  </reporter-output>
  <suite started-at="2023-01-29T09:34:23 IST" name="Suite" finished-at="2023-01-29T09:34:43 IST" duration-ms="20046">
    <groups>
    </groups>
    <test started-at="2023-01-29T09:34:23 IST" name="Test" finished-at="2023-01-29T09:34:43 IST" duration-ms="20046">
      <class name="org.testcases.Mobile_Automation">
        <test-method signature="Mobile_Automation_Test()[pri:0, instance:org.testcases.Mobile_Automation@60dcc9fe]" started-at="2023-01-29T09:34:23 IST" name="Mobile_Automation_Test" finished-at="2023-01-29T09:34:43 IST" duration-ms="20012" status="PASS">
          <reporter-output>
          </reporter-output>
        </test-method> <!-- Mobile_Automation_Test -->
      </class> <!-- org.testcases.Mobile_Automation -->
    </test> <!-- Test -->
  </suite> <!-- Suite -->
</testng-results>
