<?xml version="1.0" encoding="UTF-8"?>
<testng-results ignored="0" total="1" passed="1" failed="0" skipped="0">
  <reporter-output>
  </reporter-output>
  <suite started-at="2023-01-29T09:25:29 IST" name="Default suite" finished-at="2023-01-29T09:25:46 IST" duration-ms="17181">
    <groups>
    </groups>
    <test started-at="2023-01-29T09:25:29 IST" name="Default test" finished-at="2023-01-29T09:25:46 IST" duration-ms="17181">
      <class name="org.testcases.Mobile_Automation">
        <test-method signature="Mobile_Automation_Test()[pri:0, instance:org.testcases.Mobile_Automation@4d154ccd]" started-at="2023-01-29T09:25:29 IST" name="Mobile_Automation_Test" finished-at="2023-01-29T09:25:46 IST" duration-ms="17130" status="PASS">
          <reporter-output>
          </reporter-output>
        </test-method> <!-- Mobile_Automation_Test -->
      </class> <!-- org.testcases.Mobile_Automation -->
    </test> <!-- Default test -->
  </suite> <!-- Default suite -->
</testng-results>
